<?xml version="1.0" encoding="UTF-8"?>
<!-- Generated by org.testng.reporters.JUnitReportReporter -->
<testsuite hostname="Latitude" failures="0" tests="1" name="com.ecommerce.testcases.LoginTest" time="4.218" errors="0" timestamp="2022-11-28T09:16:38 IST" skipped="0">
  <testcase classname="com.ecommerce.testcases.LoginTest" name="testValidLogin" time="4.218"/>
  <system-out/>
</testsuite> <!-- com.ecommerce.testcases.LoginTest -->
